<?xml version="1.0" encoding="UTF-8"?>
<testng-results ignored="0" total="1" passed="1" failed="0" skipped="0">
  <reporter-output>
  </reporter-output>
  <suite started-at="2024-12-22T12:41:31 IST" name="Default suite" finished-at="2024-12-22T12:41:45 IST" duration-ms="13944">
    <groups>
    </groups>
    <test started-at="2024-12-22T12:41:31 IST" name="Default test" finished-at="2024-12-22T12:41:45 IST" duration-ms="13944">
      <class name="com.cdac.SeleTest">
        <test-method is-config="true" signature="before()[pri:0, instance:com.cdac.SeleTest@4b2bac3f]" started-at="2024-12-22T12:41:31 IST" name="before" finished-at="2024-12-22T12:41:34 IST" duration-ms="2694" status="PASS">
          <reporter-output>
          </reporter-output>
        </test-method> <!-- before -->
        <test-method signature="test()[pri:0, instance:com.cdac.SeleTest@4b2bac3f]" started-at="2024-12-22T12:41:34 IST" name="test" finished-at="2024-12-22T12:41:44 IST" duration-ms="9517" status="PASS">
          <reporter-output>
          </reporter-output>
        </test-method> <!-- test -->
        <test-method is-config="true" signature="after()[pri:0, instance:com.cdac.SeleTest@4b2bac3f]" started-at="2024-12-22T12:41:44 IST" name="after" finished-at="2024-12-22T12:41:45 IST" duration-ms="1694" status="PASS">
          <reporter-output>
          </reporter-output>
        </test-method> <!-- after -->
      </class> <!-- com.cdac.SeleTest -->
    </test> <!-- Default test -->
  </suite> <!-- Default suite -->
</testng-results>
